# JRE version: Java(TM) SE Runtime Environment (8.0_202-b08) (build 1.8.0_202-b08)
# Java VM: Java HotSpot(TM) 64-Bit Server VM (25.202-b08 mixed mode windows-amd64 compressed oops)
Heap:
 PSYoungGen      total 114176K, used 95891K [0x00000000e0000000, 0x00000000edf00000, 0x0000000100000000)
  eden space 98304K, 97% used [0x00000000e0000000,0x00000000e5da4c58,0x00000000e6000000)
  from space 15872K, 0% used [0x00000000e6000000,0x00000000e6000000,0x00000000e6f80000)
  to   space 15872K, 0% used [0x00000000ecf80000,0x00000000ecf80000,0x00000000edf00000)
 ParOldGen       total 71680K, used 26134K [0x00000000a0000000, 0x00000000a4600000, 0x00000000e0000000)
  object space 71680K, 36% used [0x00000000a0000000,0x00000000a19858d8,0x00000000a4600000)
 Metaspace       used 25846K, capacity 26620K, committed 26752K, reserved 1073152K
  class space    used 2978K, capacity 3184K, committed 3200K, reserved 1048576K
GC Heap History (10 events):
Event: 1.486 GC heap before
{Heap before GC invocations=4 (full 0):
 PSYoungGen      total 28672K, used 28649K [0x00000000e0000000, 0x00000000e3800000, 0x0000000100000000)
  eden space 24576K, 100% used [0x00000000e0000000,0x00000000e1800000,0x00000000e1800000)
  from space 4096K, 99% used [0x00000000e1800000,0x00000000e1bfa650,0x00000000e1c00000)
  to   space 4096K, 0% used [0x00000000e3400000,0x00000000e3400000,0x00000000e3800000)
 ParOldGen       total 65536K, used 13010K [0x00000000a0000000, 0x00000000a4000000, 0x00000000e0000000)
  object space 65536K, 19% used [0x00000000a0000000,0x00000000a0cb49d8,0x00000000a4000000)
 Metaspace       used 12978K, capacity 13088K, committed 13440K, reserved 1060864K
  class space    used 1295K, capacity 1331K, committed 1408K, reserved 1048576K
Event: 1.511 GC heap after
Heap after GC invocations=4 (full 0):
 PSYoungGen      total 53248K, used 4064K [0x00000000e0000000, 0x00000000e3800000, 0x0000000100000000)
  eden space 49152K, 0% used [0x00000000e0000000,0x00000000e0000000,0x00000000e3000000)
  from space 4096K, 99% used [0x00000000e3400000,0x00000000e37f8020,0x00000000e3800000)
  to   space 4096K, 0% used [0x00000000e3000000,0x00000000e3000000,0x00000000e3400000)
 ParOldGen       total 65536K, used 18485K [0x00000000a0000000, 0x00000000a4000000, 0x00000000e0000000)
  object space 65536K, 28% used [0x00000000a0000000,0x00000000a120d578,0x00000000a4000000)
 Metaspace       used 12978K, capacity 13088K, committed 13440K, reserved 1060864K
  class space    used 1295K, capacity 1331K, committed 1408K, reserved 1048576K
}
Event: 1.861 GC heap before
{Heap before GC invocations=5 (full 0):
 PSYoungGen      total 53248K, used 53216K [0x00000000e0000000, 0x00000000e3800000, 0x0000000100000000)
  eden space 49152K, 100% used [0x00000000e0000000,0x00000000e3000000,0x00000000e3000000)
  from space 4096K, 99% used [0x00000000e3400000,0x00000000e37f8020,0x00000000e3800000)
  to   space 4096K, 0% used [0x00000000e3000000,0x00000000e3000000,0x00000000e3400000)
 ParOldGen       total 65536K, used 18485K [0x00000000a0000000, 0x00000000a4000000, 0x00000000e0000000)
  object space 65536K, 28% used [0x00000000a0000000,0x00000000a120d578,0x00000000a4000000)
 Metaspace       used 14819K, capacity 14912K, committed 15232K, reserved 1062912K
  class space    used 1518K, capacity 1555K, committed 1664K, reserved 1048576K
Event: 1.880 GC heap after
Heap after GC invocations=5 (full 0):
 PSYoungGen      total 53248K, used 4064K [0x00000000e0000000, 0x00000000e7f00000, 0x0000000100000000)
  eden space 49152K, 0% used [0x00000000e0000000,0x00000000e0000000,0x00000000e3000000)
  from space 4096K, 99% used [0x00000000e3000000,0x00000000e33f8020,0x00000000e3400000)
  to   space 15872K, 0% used [0x00000000e6f80000,0x00000000e6f80000,0x00000000e7f00000)
 ParOldGen       total 65536K, used 26824K [0x00000000a0000000, 0x00000000a4000000, 0x00000000e0000000)
  object space 65536K, 40% used [0x00000000a0000000,0x00000000a1a320c8,0x00000000a4000000)
 Metaspace       used 14819K, capacity 14912K, committed 15232K, reserved 1062912K
  class space    used 1518K, capacity 1555K, committed 1664K, reserved 1048576K
}
Event: 2.709 GC heap before
{Heap before GC invocations=6 (full 0):
 PSYoungGen      total 53248K, used 53216K [0x00000000e0000000, 0x00000000e7f00000, 0x0000000100000000)
  eden space 49152K, 100% used [0x00000000e0000000,0x00000000e3000000,0x00000000e3000000)
  from space 4096K, 99% used [0x00000000e3000000,0x00000000e33f8020,0x00000000e3400000)
  to   space 15872K, 0% used [0x00000000e6f80000,0x00000000e6f80000,0x00000000e7f00000)
 ParOldGen       total 65536K, used 26824K [0x00000000a0000000, 0x00000000a4000000, 0x00000000e0000000)
  object space 65536K, 40% used [0x00000000a0000000,0x00000000a1a320c8,0x00000000a4000000)
 Metaspace       used 19879K, capacity 20162K, committed 20224K, reserved 1067008K
  class space    used 2142K, capacity 2277K, committed 2304K, reserved 1048576K
Event: 2.719 GC heap after
Heap after GC invocations=6 (full 0):
 PSYoungGen      total 114176K, used 10466K [0x00000000e0000000, 0x00000000e7f00000, 0x0000000100000000)
  eden space 98304K, 0% used [0x00000000e0000000,0x00000000e0000000,0x00000000e6000000)
  from space 15872K, 65% used [0x00000000e6f80000,0x00000000e79b8820,0x00000000e7f00000)
  to   space 15872K, 0% used [0x00000000e6000000,0x00000000e6000000,0x00000000e6f80000)
 ParOldGen       total 65536K, used 26832K [0x00000000a0000000, 0x00000000a4000000, 0x00000000e0000000)
  object space 65536K, 40% used [0x00000000a0000000,0x00000000a1a340c8,0x00000000a4000000)
 Metaspace       used 19879K, capacity 20162K, committed 20224K, reserved 1067008K
  class space    used 2142K, capacity 2277K, committed 2304K, reserved 1048576K
}
Event: 2.972 GC heap before
{Heap before GC invocations=7 (full 0):
 PSYoungGen      total 114176K, used 39648K [0x00000000e0000000, 0x00000000e7f00000, 0x0000000100000000)
  eden space 98304K, 29% used [0x00000000e0000000,0x00000000e1c7fbd8,0x00000000e6000000)
  from space 15872K, 65% used [0x00000000e6f80000,0x00000000e79b8820,0x00000000e7f00000)
  to   space 15872K, 0% used [0x00000000e6000000,0x00000000e6000000,0x00000000e6f80000)
 ParOldGen       total 65536K, used 26832K [0x00000000a0000000, 0x00000000a4000000, 0x00000000e0000000)
  object space 65536K, 40% used [0x00000000a0000000,0x00000000a1a340c8,0x00000000a4000000)
 Metaspace       used 20928K, capacity 21180K, committed 21296K, reserved 1069056K
  class space    used 2272K, capacity 2382K, committed 2432K, reserved 1048576K
Event: 2.999 GC heap after
Heap after GC invocations=7 (full 0):
 PSYoungGen      total 114176K, used 11890K [0x00000000e0000000, 0x00000000edf00000, 0x0000000100000000)
  eden space 98304K, 0% used [0x00000000e0000000,0x00000000e0000000,0x00000000e6000000)
  from space 15872K, 74% used [0x00000000e6000000,0x00000000e6b9c850,0x00000000e6f80000)
  to   space 15872K, 0% used [0x00000000ecf80000,0x00000000ecf80000,0x00000000edf00000)
 ParOldGen       total 65536K, used 27636K [0x00000000a0000000, 0x00000000a4000000, 0x00000000e0000000)
  object space 65536K, 42% used [0x00000000a0000000,0x00000000a1afd1e8,0x00000000a4000000)
 Metaspace       used 20928K, capacity 21180K, committed 21296K, reserved 1069056K
  class space    used 2272K, capacity 2382K, committed 2432K, reserved 1048576K
}
Event: 2.999 GC heap before
{Heap before GC invocations=8 (full 1):
 PSYoungGen      total 114176K, used 11890K [0x00000000e0000000, 0x00000000edf00000, 0x0000000100000000)
  eden space 98304K, 0% used [0x00000000e0000000,0x00000000e0000000,0x00000000e6000000)
  from space 15872K, 74% used [0x00000000e6000000,0x00000000e6b9c850,0x00000000e6f80000)
  to   space 15872K, 0% used [0x00000000ecf80000,0x00000000ecf80000,0x00000000edf00000)
 ParOldGen       total 65536K, used 27636K [0x00000000a0000000, 0x00000000a4000000, 0x00000000e0000000)
  object space 65536K, 42% used [0x00000000a0000000,0x00000000a1afd1e8,0x00000000a4000000)
 Metaspace       used 20928K, capacity 21180K, committed 21296K, reserved 1069056K
  class space    used 2272K, capacity 2382K, committed 2432K, reserved 1048576K
Event: 3.091 GC heap after
Heap after GC invocations=8 (full 1):
 PSYoungGen      total 114176K, used 0K [0x00000000e0000000, 0x00000000edf00000, 0x0000000100000000)
  eden space 98304K, 0% used [0x00000000e0000000,0x00000000e0000000,0x00000000e6000000)
  from space 15872K, 0% used [0x00000000e6000000,0x00000000e6000000,0x00000000e6f80000)
  to   space 15872K, 0% used [0x00000000ecf80000,0x00000000ecf80000,0x00000000edf00000)
 ParOldGen       total 71680K, used 26134K [0x00000000a0000000, 0x00000000a4600000, 0x00000000e0000000)
  object space 71680K, 36% used [0x00000000a0000000,0x00000000a19858d8,0x00000000a4600000)
 Metaspace       used 20928K, capacity 21180K, committed 21296K, reserved 1069056K
  class space    used 2272K, capacity 2382K, committed 2432K, reserved 1048576K
}

